<?xml version="1.0" encoding="UTF-8"?>
<!-- Generated by org.testng.reporters.JUnitReportReporter -->
<testsuite hostname="LAPTOP-94BRGR1T" failures="0" tests="2" name="Udmy.Homepage" time="18.275" errors="0" timestamp="2022-03-09T12:13:36 IST" skipped="0">
  <testcase classname="Udmy.Homepage" name="basepagenavigation" time="9.298"/>
  <system-out/>
  <testcase classname="Udmy.Homepage" name="basepagenavigation" time="8.977"/>
  <system-out/>
</testsuite> <!-- Udmy.Homepage -->
