<?xml version="1.0" encoding="UTF-8"?>
<!-- Generated by org.testng.reporters.JUnitReportReporter -->
<testsuite hostname="LAPTOP-94BRGR1T" failures="0" tests="2" name="Udmy_framework.sel.Homepage" time="15.596" errors="0" timestamp="2022-03-06T11:22:34 IST" skipped="0">
  <testcase classname="Udmy_framework.sel.Homepage" name="basepagenavigation" time="6.815"/>
  <system-out/>
  <testcase classname="Udmy_framework.sel.Homepage" name="basepagenavigation" time="8.781"/>
  <system-out/>
</testsuite> <!-- Udmy_framework.sel.Homepage -->
