<?xml version="1.0" encoding="UTF-8"?>
<!-- Generated by org.testng.reporters.JUnitReportReporter -->
<testsuite hostname="LAPTOP-94BRGR1T" failures="0" tests="2" name="Udmy_framework.sel.Validatetitile" time="13.630" errors="0" timestamp="2022-03-06T10:43:45 IST" skipped="0">
  <testcase classname="Udmy_framework.sel.Validatetitile" name="basepagenavigation" time="3.990"/>
  <system-out/>
  <testcase classname="Udmy_framework.sel.Validatetitile" name="navigatn" time="9.640"/>
  <system-out/>
</testsuite> <!-- Udmy_framework.sel.Validatetitile -->
